30/Aug/2022 08:41:45 AM - read_excel - 80 - INFO -                 PROCESS  ...                                                 WI
0               Receive  ...                            005_ReceivingandStorage
1                   NaN  ...                            005_ReceivingandStorage
2                   NaN  ...                            005_ReceivingandStorage
3                   NaN  ...                            005_ReceivingandStorage
4   VMI/EndFaceinsction  ...  004_VisualInsctionforCisco:FA,Service,andRemar...
5                   NaN  ...  004_VisualInsctionforCisco:FA,Service,andRemar...
6                   NaN  ...  004_VisualInsctionforCisco:FA,Service,andRemar...
7                   NaN  ...  004_VisualInsctionforCisco:FA,Service,andRemar...
8   MeterialDisposition  ...  009_QMSDATAEntryforVMIandDisposition, 012_QITD...
9                   NaN  ...  009_QMSDATAEntryforVMIandDisposition, 012_QITD...
10              Packing  ...                             002_PackingInstruction
11                  NaN  ...  002_PackingInstruction, 006_LabelPrintingproce...
12                  NaN  ...  002_PackingInstruction, 006_LabelPrintingproce...
13                  NaN  ...  002_PackingInstruction, 006_LabelPrintingproce...
14                Scrap  ...  021_ScrapProcessforCisco:FA,Service,andRemarke...
15                  NaN  ...  021_ScrapProcessforCisco:FA,Service,andRemarke...
16                  NaN  ...  021_ScrapProcessforCisco:FA,Service,andRemarke...
17                  NaN  ...  021_ScrapProcessforCisco:FA,Service,andRemarke...

[18 rows x 4 columns]
30/Aug/2022 08:41:45 AM - read_excel - 94 - INFO -  === MAPPING DICT ===
30/Aug/2022 08:41:45 AM - read_excel - 95 - INFO - {'FA': {'01': ['005_ReceivingandStorage'], '08': ['004_VisualInsctionforCisco:FA,Service,andRemarketing', '009_QMSDATAEntryforVMIandDisposition'], '06': ['009_QMSDATAEntryforVMIandDisposition', '012_QITDisposition'], '11': ['009_QMSDATAEntryforVMIandDisposition', '012_QITDisposition'], '12': ['009_QMSDATAEntryforVMIandDisposition', '012_QITDisposition'], '17': ['002_PackingInstruction'], '220': ['021_ScrapProcessforCisco:FA,Service,andRemarketing']}, 'Service': {'21': ['005_ReceivingandStorage'], '43': ['005_ReceivingandStorage'], '31': ['004_VisualInsctionforCisco:FA,Service,andRemarketing'], '37': ['009_QMSDATAEntryforVMIandDisposition', '012_QITDisposition'], '73': ['009_QMSDATAEntryforVMIandDisposition', '012_QITDisposition'], '45': ['002_PackingInstruction', '006_LabelPrintingprocessforCisco:Service,RemarketingandTEFR'], '46A': ['002_PackingInstruction', '006_LabelPrintingprocessforCisco:Service,RemarketingandTEFR'], '320': ['021_ScrapProcessforCisco:FA,Service,andRemarketing']}, 'TEFR': {'81': ['005_ReceivingandStorage'], '83': ['004_VisualInsctionforCisco:FA,Service,andRemarketing'], '87': ['002_PackingInstruction', '006_LabelPrintingprocessforCisco:Service,RemarketingandTEFR'], '91': ['021_ScrapProcessforCisco:FA,Service,andRemarketing']}, 'RMK': {'400': ['005_ReceivingandStorage'], '401': ['004_VisualInsctionforCisco:FA,Service,andRemarketing'], '404': ['002_PackingInstruction', '006_LabelPrintingprocessforCisco:Service,RemarketingandTEFR'], '412': ['021_ScrapProcessforCisco:FA,Service,andRemarketing']}}
30/Aug/2022 08:41:57 AM - delete_all_mapping - 207 - DEBUG - no alert
30/Aug/2022 08:41:57 AM - <module> - 234 - ERROR - {'NOT FOUND OPN': [], 'NOT FOUND WI': []}
30/Aug/2022 08:41:57 AM - <module> - 236 - CRITICAL - Traceback Error: NoneType: None

