30/Aug/2022 08:47:23 AM - read_excel - 80 - INFO -                 PROCESS  JOBTYPE         OPN                                                 WI
0               Receive       FA          01                            005_ReceivingandStorage
1                   NaN  Service      21, 43                            005_ReceivingandStorage
2                   NaN     TEFR          81                            005_ReceivingandStorage
3                   NaN      RMK         400                            005_ReceivingandStorage
4   VMI/EndFaceinsction       FA          08  004_VisualInsctionforCisco:FA,Service,andRemar...
5                   NaN  Service          31  004_VisualInsctionforCisco:FA,Service,andRemar...
6                   NaN     TEFR          83  004_VisualInsctionforCisco:FA,Service,andRemar...
7                   NaN      RMK         401  004_VisualInsctionforCisco:FA,Service,andRemar...
8   MeterialDisposition       FA  06, 11, 12  009_QMSDATAEntryforVMIandDisposition, 012_QITD...
9                   NaN  Service      37, 73  009_QMSDATAEntryforVMIandDisposition, 012_QITD...
10              Packing       FA          17                             002_PackingInstruction
11                  NaN  Service     45, 46A  002_PackingInstruction, 006_LabelPrintingproce...
12                  NaN     TEFR          87  002_PackingInstruction, 006_LabelPrintingproce...
13                  NaN      RMK         404  002_PackingInstruction, 006_LabelPrintingproce...
14                Scrap       FA         220  021_ScrapProcessforCisco:FA,Service,andRemarke...
15                  NaN  Service         320  021_ScrapProcessforCisco:FA,Service,andRemarke...
16                  NaN     TEFR          91  021_ScrapProcessforCisco:FA,Service,andRemarke...
17                  NaN      RMK         412  021_ScrapProcessforCisco:FA,Service,andRemarke...
30/Aug/2022 08:47:23 AM - read_excel - 94 - INFO -  === MAPPING DICT ===
30/Aug/2022 08:47:23 AM - read_excel - 95 - INFO - {'FA': {'01': ['005_ReceivingandStorage'], '08': ['004_VisualInsctionforCisco:FA,Service,andRemarketing', '009_QMSDATAEntryforVMIandDisposition'], '06': ['009_QMSDATAEntryforVMIandDisposition', '012_QITDisposition'], '11': ['009_QMSDATAEntryforVMIandDisposition', '012_QITDisposition'], '12': ['009_QMSDATAEntryforVMIandDisposition', '012_QITDisposition'], '17': ['002_PackingInstruction'], '220': ['021_ScrapProcessforCisco:FA,Service,andRemarketing']}, 'Service': {'21': ['005_ReceivingandStorage'], '43': ['005_ReceivingandStorage'], '31': ['004_VisualInsctionforCisco:FA,Service,andRemarketing'], '37': ['009_QMSDATAEntryforVMIandDisposition', '012_QITDisposition'], '73': ['009_QMSDATAEntryforVMIandDisposition', '012_QITDisposition'], '45': ['002_PackingInstruction', '006_LabelPrintingprocessforCisco:Service,RemarketingandTEFR'], '46A': ['002_PackingInstruction', '006_LabelPrintingprocessforCisco:Service,RemarketingandTEFR'], '320': ['021_ScrapProcessforCisco:FA,Service,andRemarketing']}, 'TEFR': {'81': ['005_ReceivingandStorage'], '83': ['004_VisualInsctionforCisco:FA,Service,andRemarketing'], '87': ['002_PackingInstruction', '006_LabelPrintingprocessforCisco:Service,RemarketingandTEFR'], '91': ['021_ScrapProcessforCisco:FA,Service,andRemarketing']}, 'RMK': {'400': ['005_ReceivingandStorage'], '401': ['004_VisualInsctionforCisco:FA,Service,andRemarketing'], '404': ['002_PackingInstruction', '006_LabelPrintingprocessforCisco:Service,RemarketingandTEFR'], '412': ['021_ScrapProcessforCisco:FA,Service,andRemarketing']}}
30/Aug/2022 08:47:25 AM - add_mapping - 106 - DEBUG - ORG >>>  FA
30/Aug/2022 08:47:25 AM - add_mapping - 115 - DEBUG - OPN >>> 01 >>> ['005_ReceivingandStorage']
30/Aug/2022 08:47:29 AM - add_mapping - 168 - DEBUG - alert accepted
30/Aug/2022 08:47:30 AM - add_mapping - 115 - DEBUG - OPN >>> 08 >>> ['004_VisualInsctionforCisco:FA,Service,andRemarketing', '009_QMSDATAEntryforVMIandDisposition']
30/Aug/2022 08:47:34 AM - add_mapping - 168 - DEBUG - alert accepted
30/Aug/2022 08:47:35 AM - add_mapping - 115 - DEBUG - OPN >>> 06 >>> ['009_QMSDATAEntryforVMIandDisposition', '012_QITDisposition']
30/Aug/2022 08:47:38 AM - add_mapping - 168 - DEBUG - alert accepted
30/Aug/2022 08:47:39 AM - add_mapping - 115 - DEBUG - OPN >>> 11 >>> ['009_QMSDATAEntryforVMIandDisposition', '012_QITDisposition']
30/Aug/2022 08:47:43 AM - add_mapping - 168 - DEBUG - alert accepted
30/Aug/2022 08:47:44 AM - add_mapping - 115 - DEBUG - OPN >>> 12 >>> ['009_QMSDATAEntryforVMIandDisposition', '012_QITDisposition']
30/Aug/2022 08:47:47 AM - add_mapping - 168 - DEBUG - alert accepted
30/Aug/2022 08:47:49 AM - add_mapping - 115 - DEBUG - OPN >>> 17 >>> ['002_PackingInstruction']
30/Aug/2022 08:47:51 AM - add_mapping - 168 - DEBUG - alert accepted
30/Aug/2022 08:47:52 AM - add_mapping - 115 - DEBUG - OPN >>> 220 >>> ['021_ScrapProcessforCisco:FA,Service,andRemarketing']
30/Aug/2022 08:47:54 AM - add_mapping - 168 - DEBUG - alert accepted
30/Aug/2022 08:47:55 AM - add_mapping - 106 - DEBUG - ORG >>>  Service
30/Aug/2022 08:47:56 AM - add_mapping - 115 - DEBUG - OPN >>> 21 >>> ['005_ReceivingandStorage']
30/Aug/2022 08:47:59 AM - add_mapping - 168 - DEBUG - alert accepted
30/Aug/2022 08:48:00 AM - add_mapping - 115 - DEBUG - OPN >>> 43 >>> ['005_ReceivingandStorage']
30/Aug/2022 08:48:02 AM - add_mapping - 168 - DEBUG - alert accepted
30/Aug/2022 08:48:04 AM - add_mapping - 115 - DEBUG - OPN >>> 31 >>> ['004_VisualInsctionforCisco:FA,Service,andRemarketing']
30/Aug/2022 08:48:06 AM - add_mapping - 168 - DEBUG - alert accepted
30/Aug/2022 08:48:07 AM - add_mapping - 115 - DEBUG - OPN >>> 37 >>> ['009_QMSDATAEntryforVMIandDisposition', '012_QITDisposition']
30/Aug/2022 08:48:11 AM - add_mapping - 168 - DEBUG - alert accepted
30/Aug/2022 08:48:12 AM - add_mapping - 115 - DEBUG - OPN >>> 73 >>> ['009_QMSDATAEntryforVMIandDisposition', '012_QITDisposition']
30/Aug/2022 08:48:16 AM - add_mapping - 168 - DEBUG - alert accepted
30/Aug/2022 08:48:18 AM - add_mapping - 115 - DEBUG - OPN >>> 45 >>> ['002_PackingInstruction', '006_LabelPrintingprocessforCisco:Service,RemarketingandTEFR']
30/Aug/2022 08:48:21 AM - add_mapping - 168 - DEBUG - alert accepted
30/Aug/2022 08:48:23 AM - add_mapping - 115 - DEBUG - OPN >>> 46A >>> ['002_PackingInstruction', '006_LabelPrintingprocessforCisco:Service,RemarketingandTEFR']
30/Aug/2022 08:48:25 AM - add_mapping - 168 - DEBUG - alert accepted
30/Aug/2022 08:48:26 AM - add_mapping - 115 - DEBUG - OPN >>> 320 >>> ['021_ScrapProcessforCisco:FA,Service,andRemarketing']
30/Aug/2022 08:48:29 AM - add_mapping - 168 - DEBUG - alert accepted
30/Aug/2022 08:48:30 AM - add_mapping - 106 - DEBUG - ORG >>>  TEFR
30/Aug/2022 08:48:30 AM - add_mapping - 115 - DEBUG - OPN >>> 81 >>> ['005_ReceivingandStorage']
30/Aug/2022 08:48:33 AM - add_mapping - 168 - DEBUG - alert accepted
30/Aug/2022 08:48:34 AM - add_mapping - 115 - DEBUG - OPN >>> 83 >>> ['004_VisualInsctionforCisco:FA,Service,andRemarketing']
30/Aug/2022 08:48:38 AM - add_mapping - 168 - DEBUG - alert accepted
30/Aug/2022 08:48:40 AM - add_mapping - 115 - DEBUG - OPN >>> 87 >>> ['002_PackingInstruction', '006_LabelPrintingprocessforCisco:Service,RemarketingandTEFR']
30/Aug/2022 08:48:43 AM - add_mapping - 168 - DEBUG - alert accepted
30/Aug/2022 08:48:45 AM - add_mapping - 115 - DEBUG - OPN >>> 91 >>> ['021_ScrapProcessforCisco:FA,Service,andRemarketing']
30/Aug/2022 08:48:47 AM - add_mapping - 168 - DEBUG - alert accepted
30/Aug/2022 08:48:48 AM - add_mapping - 106 - DEBUG - ORG >>>  RMK
30/Aug/2022 08:48:49 AM - add_mapping - 115 - DEBUG - OPN >>> 400 >>> ['005_ReceivingandStorage']
30/Aug/2022 08:48:51 AM - add_mapping - 168 - DEBUG - alert accepted
30/Aug/2022 08:48:52 AM - add_mapping - 115 - DEBUG - OPN >>> 401 >>> ['004_VisualInsctionforCisco:FA,Service,andRemarketing']
30/Aug/2022 08:48:55 AM - add_mapping - 168 - DEBUG - alert accepted
30/Aug/2022 08:48:56 AM - add_mapping - 115 - DEBUG - OPN >>> 404 >>> ['002_PackingInstruction', '006_LabelPrintingprocessforCisco:Service,RemarketingandTEFR']
30/Aug/2022 08:48:59 AM - add_mapping - 168 - DEBUG - alert accepted
30/Aug/2022 08:49:01 AM - add_mapping - 115 - DEBUG - OPN >>> 412 >>> ['021_ScrapProcessforCisco:FA,Service,andRemarketing']
30/Aug/2022 08:49:03 AM - add_mapping - 168 - DEBUG - alert accepted
30/Aug/2022 08:49:04 AM - <module> - 234 - ERROR - {'NOT FOUND OPN': [], 'NOT FOUND WI': []}
30/Aug/2022 08:49:04 AM - <module> - 236 - CRITICAL - Traceback Error: NoneType: None

